<?xml version="1.0" encoding="UTF-8"?>
<robot generator="Robot 4.1.3 (Python 3.10.0 on win32)" generated="20220211 16:35:23.604" rpa="false" schemaversion="2">
<suite id="s1" name="Verify Valid Credential" source="C:\Users\Sindhumathi\PycharmProjects\pythonProject\robot_framework1\login_suite\verify_valid_credential.robot">
<test id="s1-t1" name="Verify Valid Credentials Test">
<kw name="Launch Browser" library="common_functionality" type="SETUP">
<kw name="Open Browser" library="SeleniumLibrary">
<arg>browser=chrome</arg>
<arg>executable_path=${EXECDIR}${/}drivers${/}chromedriver</arg>
<doc>Opens a new browser instance to the optional ``url``.</doc>
<msg timestamp="20220211 16:35:23.849" level="INFO">Opening browser 'chrome' to base url 'None'.</msg>
<status status="PASS" starttime="20220211 16:35:23.849" endtime="20220211 16:35:25.115"/>
</kw>
<kw name="Maximize Browser Window" library="SeleniumLibrary">
<doc>Maximizes current browser window.</doc>
<status status="PASS" starttime="20220211 16:35:25.115" endtime="20220211 16:35:25.244"/>
</kw>
<kw name="Set Selenium Implicit Wait" library="SeleniumLibrary">
<arg>30s</arg>
<doc>Sets the implicit wait value used by Selenium.</doc>
<status status="PASS" starttime="20220211 16:35:25.244" endtime="20220211 16:35:25.246"/>
</kw>
<kw name="Go To" library="SeleniumLibrary">
<arg>url=https://demo.openemr.io/b/openemr</arg>
<doc>Navigates the current browser window to the provided ``url``.</doc>
<msg timestamp="20220211 16:35:25.247" level="INFO">Opening url 'https://demo.openemr.io/b/openemr'</msg>
<status status="PASS" starttime="20220211 16:35:25.246" endtime="20220211 16:35:29.340"/>
</kw>
<status status="PASS" starttime="20220211 16:35:23.849" endtime="20220211 16:35:29.340"/>
</kw>
<kw name="Input Text" library="SeleniumLibrary">
<arg>id=authUser</arg>
<arg>admin</arg>
<doc>Types the given ``text`` into the text field identified by ``locator``.</doc>
<msg timestamp="20220211 16:35:29.342" level="INFO">Typing text 'admin' into text field 'id=authUser'.</msg>
<status status="PASS" starttime="20220211 16:35:29.341" endtime="20220211 16:35:29.406"/>
</kw>
<kw name="Input Password" library="SeleniumLibrary">
<arg>id=clearPass</arg>
<arg>pass</arg>
<doc>Types the given password into the text field identified by ``locator``.</doc>
<msg timestamp="20220211 16:35:29.406" level="INFO">Typing password into text field 'id=clearPass'.</msg>
<msg timestamp="20220211 16:35:29.431" level="INFO">Temporally setting log level to: NONE</msg>
<msg timestamp="20220211 16:35:29.456" level="INFO">Log level changed from NONE to INFO.</msg>
<status status="PASS" starttime="20220211 16:35:29.406" endtime="20220211 16:35:29.456"/>
</kw>
<kw name="Select From List By Label" library="SeleniumLibrary">
<arg>name=languageChoice</arg>
<arg>English (Indian)</arg>
<doc>Selects options from selection list ``locator`` by ``labels``.</doc>
<msg timestamp="20220211 16:35:29.457" level="INFO">Selecting options from selection list 'name=languageChoice' by label English (Indian).</msg>
<status status="PASS" starttime="20220211 16:35:29.457" endtime="20220211 16:35:29.501"/>
</kw>
<kw name="Click Element" library="SeleniumLibrary">
<arg>xpath=//button[@type='submit']</arg>
<doc>Click the element identified by ``locator``.</doc>
<msg timestamp="20220211 16:35:29.502" level="INFO">Clicking element 'xpath=//button[@type='submit']'.</msg>
<status status="PASS" starttime="20220211 16:35:29.502" endtime="20220211 16:35:33.623"/>
</kw>
<kw name="Title Should Be" library="SeleniumLibrary">
<arg>OpenEMR</arg>
<doc>Verifies that the current page title equals ``title``.</doc>
<msg timestamp="20220211 16:35:33.628" level="INFO">Page title is 'OpenEMR'.</msg>
<status status="PASS" starttime="20220211 16:35:33.624" endtime="20220211 16:35:33.628"/>
</kw>
<kw name="End Browser" library="common_functionality" type="TEARDOWN">
<kw name="Capture Page Screenshot" library="SeleniumLibrary">
<doc>Takes a screenshot of the current page and embeds it into a log file.</doc>
<msg timestamp="20220211 16:35:33.805" level="INFO" html="true">&lt;/td&gt;&lt;/tr&gt;&lt;tr&gt;&lt;td colspan="3"&gt;&lt;a href="selenium-screenshot-1.png"&gt;&lt;img src="selenium-screenshot-1.png" width="800px"&gt;&lt;/a&gt;</msg>
<status status="PASS" starttime="20220211 16:35:33.629" endtime="20220211 16:35:33.805"/>
</kw>
<kw name="Close Browser" library="SeleniumLibrary">
<doc>Closes the current browser.</doc>
<status status="PASS" starttime="20220211 16:35:33.805" endtime="20220211 16:35:35.934"/>
</kw>
<status status="PASS" starttime="20220211 16:35:33.629" endtime="20220211 16:35:35.934"/>
</kw>
<status status="PASS" starttime="20220211 16:35:23.849" endtime="20220211 16:35:35.934"/>
</test>
<doc>This suit file handles all the test case related to the
valid credentials</doc>
<status status="PASS" starttime="20220211 16:35:23.604" endtime="20220211 16:35:35.934"/>
</suite>
<statistics>
<total>
<stat pass="1" fail="0" skip="0">All Tests</stat>
</total>
<tag>
</tag>
<suite>
<stat pass="1" fail="0" skip="0" id="s1" name="Verify Valid Credential">Verify Valid Credential</stat>
</suite>
</statistics>
<errors>
</errors>
</robot>
