<?xml version="1.0" encoding="UTF-8"?>
<robot generator="Robot 4.1.3 (Python 3.10.0 on win32)" generated="20220211 16:47:14.351" rpa="false" schemaversion="2">
<suite id="s1" name="Verify Valid Credential" source="C:\Users\Sindhumathi\PycharmProjects\pythonProject\robot_framework1\login_suite\verify_valid_credential.robot">
<test id="s1-t1" name="TC1">
<kw name="Launch Browser" library="common_functionality" type="SETUP">
<kw name="Open Browser" library="SeleniumLibrary">
<arg>browser=chrome</arg>
<arg>executable_path=${EXECDIR}${/}drivers${/}chromedriver</arg>
<doc>Opens a new browser instance to the optional ``url``.</doc>
<msg timestamp="20220211 16:47:14.555" level="INFO">Opening browser 'chrome' to base url 'None'.</msg>
<status status="PASS" starttime="20220211 16:47:14.555" endtime="20220211 16:47:15.755"/>
</kw>
<kw name="Maximize Browser Window" library="SeleniumLibrary">
<doc>Maximizes current browser window.</doc>
<status status="PASS" starttime="20220211 16:47:15.755" endtime="20220211 16:47:15.888"/>
</kw>
<kw name="Set Selenium Implicit Wait" library="SeleniumLibrary">
<arg>30s</arg>
<doc>Sets the implicit wait value used by Selenium.</doc>
<status status="PASS" starttime="20220211 16:47:15.888" endtime="20220211 16:47:15.888"/>
</kw>
<kw name="Go To" library="SeleniumLibrary">
<arg>url=https://demo.openemr.io/b/openemr</arg>
<doc>Navigates the current browser window to the provided ``url``.</doc>
<msg timestamp="20220211 16:47:15.888" level="INFO">Opening url 'https://demo.openemr.io/b/openemr'</msg>
<status status="PASS" starttime="20220211 16:47:15.888" endtime="20220211 16:47:20.592"/>
</kw>
<status status="PASS" starttime="20220211 16:47:14.553" endtime="20220211 16:47:20.592"/>
</kw>
<kw name="Verify Valid Credentials Template">
<arg>admin</arg>
<arg>pass</arg>
<arg>English (Indian)</arg>
<arg>OpenEMR</arg>
<kw name="Input Text" library="SeleniumLibrary">
<arg>id=authUser</arg>
<arg>${username}</arg>
<doc>Types the given ``text`` into the text field identified by ``locator``.</doc>
<msg timestamp="20220211 16:47:20.594" level="INFO">Typing text 'admin' into text field 'id=authUser'.</msg>
<status status="PASS" starttime="20220211 16:47:20.594" endtime="20220211 16:47:20.646"/>
</kw>
<kw name="Input Password" library="SeleniumLibrary">
<arg>id=clearPass</arg>
<arg>${password}</arg>
<doc>Types the given password into the text field identified by ``locator``.</doc>
<msg timestamp="20220211 16:47:20.646" level="INFO">Typing password into text field 'id=clearPass'.</msg>
<msg timestamp="20220211 16:47:20.672" level="INFO">Temporally setting log level to: NONE</msg>
<msg timestamp="20220211 16:47:20.699" level="INFO">Log level changed from NONE to INFO.</msg>
<status status="PASS" starttime="20220211 16:47:20.646" endtime="20220211 16:47:20.699"/>
</kw>
<kw name="Select From List By Label" library="SeleniumLibrary">
<arg>name=languageChoice</arg>
<arg>${language}</arg>
<doc>Selects options from selection list ``locator`` by ``labels``.</doc>
<msg timestamp="20220211 16:47:20.700" level="INFO">Selecting options from selection list 'name=languageChoice' by label English (Indian).</msg>
<status status="PASS" starttime="20220211 16:47:20.699" endtime="20220211 16:47:20.741"/>
</kw>
<kw name="Click Element" library="SeleniumLibrary">
<arg>xpath=//button[@type='submit']</arg>
<doc>Click the element identified by ``locator``.</doc>
<msg timestamp="20220211 16:47:20.741" level="INFO">Clicking element 'xpath=//button[@type='submit']'.</msg>
<status status="PASS" starttime="20220211 16:47:20.741" endtime="20220211 16:47:24.482"/>
</kw>
<kw name="Title Should Be" library="SeleniumLibrary">
<arg>${expected_title}</arg>
<doc>Verifies that the current page title equals ``title``.</doc>
<msg timestamp="20220211 16:47:24.486" level="INFO">Page title is 'OpenEMR'.</msg>
<status status="PASS" starttime="20220211 16:47:24.482" endtime="20220211 16:47:24.486"/>
</kw>
<status status="PASS" starttime="20220211 16:47:20.593" endtime="20220211 16:47:24.486"/>
</kw>
<kw name="End Browser" library="common_functionality" type="TEARDOWN">
<kw name="Capture Page Screenshot" library="SeleniumLibrary">
<doc>Takes a screenshot of the current page and embeds it into a log file.</doc>
<msg timestamp="20220211 16:47:24.655" level="INFO" html="true">&lt;/td&gt;&lt;/tr&gt;&lt;tr&gt;&lt;td colspan="3"&gt;&lt;a href="selenium-screenshot-2.png"&gt;&lt;img src="selenium-screenshot-2.png" width="800px"&gt;&lt;/a&gt;</msg>
<status status="PASS" starttime="20220211 16:47:24.487" endtime="20220211 16:47:24.655"/>
</kw>
<kw name="Close Browser" library="SeleniumLibrary">
<doc>Closes the current browser.</doc>
<status status="PASS" starttime="20220211 16:47:24.655" endtime="20220211 16:47:26.845"/>
</kw>
<status status="PASS" starttime="20220211 16:47:24.487" endtime="20220211 16:47:26.845"/>
</kw>
<status status="PASS" starttime="20220211 16:47:14.553" endtime="20220211 16:47:26.845"/>
</test>
<test id="s1-t2" name="TC2">
<kw name="Launch Browser" library="common_functionality" type="SETUP">
<kw name="Open Browser" library="SeleniumLibrary">
<arg>browser=chrome</arg>
<arg>executable_path=${EXECDIR}${/}drivers${/}chromedriver</arg>
<doc>Opens a new browser instance to the optional ``url``.</doc>
<msg timestamp="20220211 16:47:26.845" level="INFO">Opening browser 'chrome' to base url 'None'.</msg>
<status status="PASS" starttime="20220211 16:47:26.845" endtime="20220211 16:47:27.925"/>
</kw>
<kw name="Maximize Browser Window" library="SeleniumLibrary">
<doc>Maximizes current browser window.</doc>
<status status="PASS" starttime="20220211 16:47:27.925" endtime="20220211 16:47:28.045"/>
</kw>
<kw name="Set Selenium Implicit Wait" library="SeleniumLibrary">
<arg>30s</arg>
<doc>Sets the implicit wait value used by Selenium.</doc>
<status status="PASS" starttime="20220211 16:47:28.045" endtime="20220211 16:47:28.045"/>
</kw>
<kw name="Go To" library="SeleniumLibrary">
<arg>url=https://demo.openemr.io/b/openemr</arg>
<doc>Navigates the current browser window to the provided ``url``.</doc>
<msg timestamp="20220211 16:47:28.045" level="INFO">Opening url 'https://demo.openemr.io/b/openemr'</msg>
<status status="PASS" starttime="20220211 16:47:28.045" endtime="20220211 16:47:32.684"/>
</kw>
<status status="PASS" starttime="20220211 16:47:26.845" endtime="20220211 16:47:32.684"/>
</kw>
<kw name="Verify Valid Credentials Template">
<arg>physician</arg>
<arg>physician</arg>
<arg>English (Indian)</arg>
<arg>OpenEMR</arg>
<kw name="Input Text" library="SeleniumLibrary">
<arg>id=authUser</arg>
<arg>${username}</arg>
<doc>Types the given ``text`` into the text field identified by ``locator``.</doc>
<msg timestamp="20220211 16:47:32.687" level="INFO">Typing text 'physician' into text field 'id=authUser'.</msg>
<status status="PASS" starttime="20220211 16:47:32.686" endtime="20220211 16:47:32.746"/>
</kw>
<kw name="Input Password" library="SeleniumLibrary">
<arg>id=clearPass</arg>
<arg>${password}</arg>
<doc>Types the given password into the text field identified by ``locator``.</doc>
<msg timestamp="20220211 16:47:32.746" level="INFO">Typing password into text field 'id=clearPass'.</msg>
<msg timestamp="20220211 16:47:32.771" level="INFO">Temporally setting log level to: NONE</msg>
<msg timestamp="20220211 16:47:32.799" level="INFO">Log level changed from NONE to INFO.</msg>
<status status="PASS" starttime="20220211 16:47:32.746" endtime="20220211 16:47:32.799"/>
</kw>
<kw name="Select From List By Label" library="SeleniumLibrary">
<arg>name=languageChoice</arg>
<arg>${language}</arg>
<doc>Selects options from selection list ``locator`` by ``labels``.</doc>
<msg timestamp="20220211 16:47:32.800" level="INFO">Selecting options from selection list 'name=languageChoice' by label English (Indian).</msg>
<status status="PASS" starttime="20220211 16:47:32.799" endtime="20220211 16:47:32.839"/>
</kw>
<kw name="Click Element" library="SeleniumLibrary">
<arg>xpath=//button[@type='submit']</arg>
<doc>Click the element identified by ``locator``.</doc>
<msg timestamp="20220211 16:47:32.839" level="INFO">Clicking element 'xpath=//button[@type='submit']'.</msg>
<status status="PASS" starttime="20220211 16:47:32.839" endtime="20220211 16:47:36.959"/>
</kw>
<kw name="Title Should Be" library="SeleniumLibrary">
<arg>${expected_title}</arg>
<doc>Verifies that the current page title equals ``title``.</doc>
<msg timestamp="20220211 16:47:36.964" level="INFO">Page title is 'OpenEMR'.</msg>
<status status="PASS" starttime="20220211 16:47:36.959" endtime="20220211 16:47:36.964"/>
</kw>
<status status="PASS" starttime="20220211 16:47:32.685" endtime="20220211 16:47:36.965"/>
</kw>
<kw name="End Browser" library="common_functionality" type="TEARDOWN">
<kw name="Capture Page Screenshot" library="SeleniumLibrary">
<doc>Takes a screenshot of the current page and embeds it into a log file.</doc>
<msg timestamp="20220211 16:47:37.121" level="INFO" html="true">&lt;/td&gt;&lt;/tr&gt;&lt;tr&gt;&lt;td colspan="3"&gt;&lt;a href="selenium-screenshot-3.png"&gt;&lt;img src="selenium-screenshot-3.png" width="800px"&gt;&lt;/a&gt;</msg>
<status status="PASS" starttime="20220211 16:47:36.966" endtime="20220211 16:47:37.121"/>
</kw>
<kw name="Close Browser" library="SeleniumLibrary">
<doc>Closes the current browser.</doc>
<status status="PASS" starttime="20220211 16:47:37.121" endtime="20220211 16:47:39.256"/>
</kw>
<status status="PASS" starttime="20220211 16:47:36.966" endtime="20220211 16:47:39.256"/>
</kw>
<status status="PASS" starttime="20220211 16:47:26.845" endtime="20220211 16:47:39.256"/>
</test>
<doc>This suit file handles all the test case related to the
valid credentials</doc>
<status status="PASS" starttime="20220211 16:47:14.351" endtime="20220211 16:47:39.256"/>
</suite>
<statistics>
<total>
<stat pass="2" fail="0" skip="0">All Tests</stat>
</total>
<tag>
</tag>
<suite>
<stat pass="2" fail="0" skip="0" id="s1" name="Verify Valid Credential">Verify Valid Credential</stat>
</suite>
</statistics>
<errors>
</errors>
</robot>
