<?xml version="1.0" encoding="UTF-8"?>
<robot generator="Robot 4.1.3 (Python 3.10.0 on win32)" generated="20220211 14:36:30.446" rpa="false" schemaversion="2">
<suite id="s1" name="Verify Valid Credential" source="C:\Users\Sindhumathi\PycharmProjects\pythonProject\robot_framework1\login_suite\verify_valid_credential.robot">
<test id="s1-t1" name="Verify Valid Credential Test">
<kw name="Open Browser" library="SeleniumLibrary">
<arg>browser=chrome</arg>
<arg>executable_path=${EXECDIR}\\drivers\\chromedriver</arg>
<doc>Opens a new browser instance to the optional ``url``.</doc>
<msg timestamp="20220211 14:36:30.687" level="INFO">Opening browser 'chrome' to base url 'None'.</msg>
<status status="PASS" starttime="20220211 14:36:30.687" endtime="20220211 14:36:32.179"/>
</kw>
<kw name="Maximize Browser Window" library="SeleniumLibrary">
<doc>Maximizes current browser window.</doc>
<status status="PASS" starttime="20220211 14:36:32.180" endtime="20220211 14:36:32.306"/>
</kw>
<kw name="Set Selenium Implicit Wait" library="SeleniumLibrary">
<arg>30s</arg>
<doc>Sets the implicit wait value used by Selenium.</doc>
<status status="PASS" starttime="20220211 14:36:32.306" endtime="20220211 14:36:32.306"/>
</kw>
<kw name="Go To" library="SeleniumLibrary">
<arg>url=https://demo.openemr.io/b/openemr/</arg>
<doc>Navigates the current browser window to the provided ``url``.</doc>
<msg timestamp="20220211 14:36:32.306" level="INFO">Opening url 'https://demo.openemr.io/b/openemr/'</msg>
<status status="PASS" starttime="20220211 14:36:32.306" endtime="20220211 14:36:35.835"/>
</kw>
<status status="PASS" starttime="20220211 14:36:30.687" endtime="20220211 14:36:35.836"/>
</test>
<status status="PASS" starttime="20220211 14:36:30.450" endtime="20220211 14:36:35.836"/>
</suite>
<statistics>
<total>
<stat pass="1" fail="0" skip="0">All Tests</stat>
</total>
<tag>
</tag>
<suite>
<stat pass="1" fail="0" skip="0" id="s1" name="Verify Valid Credential">Verify Valid Credential</stat>
</suite>
</statistics>
<errors>
</errors>
</robot>
